18:07:24.258 INFO  server running on port3000 
18:16:00.927 INFO  server running on port3000 
18:17:02.689 INFO  server running on port3000 
18:17:04.302 INFO  GET / - 1 
18:17:04.404 INFO  GET /favicon.ico - 1 
18:17:24.451 INFO  server running on port3000 
18:18:40.687 INFO  server running on port3000 
18:19:43.422 INFO  server running on port3000 
18:19:50.526 INFO  server running on port3000 
18:22:12.668 INFO  server running on port3000 
18:28:33.141 INFO  server running on port3000 
18:28:50.867 INFO  server running on port3000 
18:33:13.455 INFO  server running on port3000 
18:34:32.694 INFO  server running on port3000 
18:34:44.995 INFO  server running on port3000 
18:34:58.347 INFO  server running on port3000 
18:35:20.936 INFO  server running on port3000 
18:36:31.225 INFO  server running on port3000 
18:36:36.105 INFO  server running on port3000 
18:36:53.089 INFO  server running on port3000 
18:36:56.196 INFO  server running on port3000 
18:37:03.703 INFO  server running on port3000 
18:38:03.077 INFO  server running on port3000 
18:38:42.876 INFO  server running on port3000 
18:39:57.390 INFO  server running on port3000 
18:40:21.364 INFO  server running on port3000 
18:42:00.167 INFO  server running on port3000 
18:45:08.139 INFO  server running on port3000 
18:48:51.310 INFO  server running on port3000 
18:51:21.548 INFO  server running on port3000 
18:52:57.633 INFO  server running on port3000 
18:53:49.406 INFO  server running on port3000 
18:53:49.442 INFO  Connected successfully to server 
18:53:49.451 INFO  Found the following records 
18:53:49.451 INFO  [{"_id":"Avanests-iMac.fritz.box-1524301225504","hostname":"Avanests-iMac.fritz.box","startTime":"2018-04-21T09:00:25.000Z","startTimeLocal":"Sat Apr 21 14:30:25.504","cmdLine":{},"pid":2772,"buildinfo":{"version":"3.6.4","gitVersion":"d0181a711f7e7f39e60b5aeb1dc7097bf6ae5856","modules":[],"allocator":"system","javascriptEngine":"mozjs","sysInfo":"deprecated","versionArray":[3,6,4,0],"openssl":{"running":"OpenSSL 1.0.2o  27 Mar 2018","compiled":"OpenSSL 1.0.2o  27 Mar 2018"},"buildEnvironment":{"distmod":"","distarch":"x86_64","cc":"/usr/bin/clang: Apple LLVM version 9.0.0 (clang-900.0.39.2)","ccflags":"-I/usr/local/opt/openssl/include -fno-omit-frame-pointer -fno-strict-aliasing -ggdb -pthread -Wall -Wsign-compare -Wno-unknown-pragmas -Winvalid-pch -O2 -Wno-unused-local-typedefs -Wno-unused-function -Wno-unused-private-field -Wno-deprecated-declarations -Wno-tautological-constant-out-of-range-compare -Wno-unused-const-variable -Wno-missing-braces -Wno-inconsistent-missing-override -Wno-potentially-evaluated-expression -Wno-exceptions -fstack-protector-strong -fno-builtin-memcmp","cxx":"/usr/bin/clang++ -stdlib=libc++: Apple LLVM version 9.0.0 (clang-900.0.39.2)","cxxflags":"-Woverloaded-virtual -Werror=unused-result -Wpessimizing-move -Wredundant-move -Wno-undefined-var-template -Wno-instantiation-after-specialization -std=c++14","linkflags":"-L/usr/local/opt/openssl/lib -Wl,-bind_at_load -fstack-protector-strong","target_arch":"x86_64","target_os":"macOS"},"bits":64,"debug":false,"maxBsonObjectSize":16777216,"storageEngines":["devnull","ephemeralForTest","mmapv1","wiredTiger"]}},{"_id":"Avanests-iMac.fritz.box-1524316853881","hostname":"Avanests-iMac.fritz.box","startTime":"2018-04-21T13:20:53.000Z","startTimeLocal":"Sat Apr 21 18:50:53.881","cmdLine":{},"pid":5061,"buildinfo":{"version":"3.6.4","gitVersion":"d0181a711f7e7f39e60b5aeb1dc7097bf6ae5856","modules":[],"allocator":"system","javascriptEngine":"mozjs","sysInfo":"deprecated","versionArray":[3,6,4,0],"openssl":{"running":"OpenSSL 1.0.2o  27 Mar 2018","compiled":"OpenSSL 1.0.2o  27 Mar 2018"},"buildEnvironment":{"distmod":"","distarch":"x86_64","cc":"/usr/bin/clang: Apple LLVM version 9.0.0 (clang-900.0.39.2)","ccflags":"-I/usr/local/opt/openssl/include -fno-omit-frame-pointer -fno-strict-aliasing -ggdb -pthread -Wall -Wsign-compare -Wno-unknown-pragmas -Winvalid-pch -O2 -Wno-unused-local-typedefs -Wno-unused-function -Wno-unused-private-field -Wno-deprecated-declarations -Wno-tautological-constant-out-of-range-compare -Wno-unused-const-variable -Wno-missing-braces -Wno-inconsistent-missing-override -Wno-potentially-evaluated-expression -Wno-exceptions -fstack-protector-strong -fno-builtin-memcmp","cxx":"/usr/bin/clang++ -stdlib=libc++: Apple LLVM version 9.0.0 (clang-900.0.39.2)","cxxflags":"-Woverloaded-virtual -Werror=unused-result -Wpessimizing-move -Wredundant-move -Wno-undefined-var-template -Wno-instantiation-after-specialization -std=c++14","linkflags":"-L/usr/local/opt/openssl/lib -Wl,-bind_at_load -fstack-protector-strong","target_arch":"x86_64","target_os":"macOS"},"bits":64,"debug":false,"maxBsonObjectSize":16777216,"storageEngines":["devnull","ephemeralForTest","mmapv1","wiredTiger"]}}] 
